app_backup_debug/build/intermediates/manifest_merge_blame_file/debug/processDebugMainManifest/manifest-merger-blame-debug-report.txt
1<?xml version="1.0" encoding="utf-8"?>
2<!--
3    Copyright 2019 Google Inc. All Rights Reserved.
4
5     Licensed under the Apache License, Version 2.0 (the "License");
6     you may not use this file except in compliance with the License.
7     You may obtain a copy of the License at
8
9         http://www.apache.org/licenses/LICENSE-2.0
10
11     Unless required by applicable law or agreed to in writing, software
12     distributed under the License is distributed on an "AS IS" BASIS,
13     WITHOUT WARRANTIES OR CONDITIONS OF ANY KIND, either express or implied.
14     See the License for the specific language governing permissions and
15     limitations under the License.
16-->
17<!--
18 The "package" attribute is rewritten by the Gradle build with the value of applicationId.
19     It is still required here, as it is used to derive paths, for instance when referring
20     to an Activity by ".MyActivity" instead of the full name. If more Activities are added to the
21     application, the package attribute will need to reflect the correct path in order to use
22     the abbreviated format.
23-->
24<manifest xmlns:android="http://schemas.android.com/apk/res/android"
25    package="app.streetgo.twa"
26    android:versionCode="1"
27    android:versionName="1" >
28
29    <uses-sdk
30        android:minSdkVersion="21"
31        android:targetSdkVersion="35" />
32
33    <uses-permission android:name="android.permission.POST_NOTIFICATIONS" />
33-->src\main\AndroidManifest.xml:26:9-80
33-->src\main\AndroidManifest.xml:26:26-78
34    <uses-permission android:name="android.permission.ACCESS_FINE_LOCATION" />
34-->[com.google.androidbrowserhelper:locationdelegation:1.1.2] AndroidManifest.xml:7:5-79
34-->[com.google.androidbrowserhelper:locationdelegation:1.1.2] AndroidManifest.xml:7:22-76
35    <uses-permission android:name="android.permission.ACCESS_COARSE_LOCATION" />
35-->[com.google.androidbrowserhelper:locationdelegation:1.1.2] AndroidManifest.xml:8:5-81
35-->[com.google.androidbrowserhelper:locationdelegation:1.1.2] AndroidManifest.xml:8:22-78
36
37    <queries>
37-->[com.google.androidbrowserhelper:androidbrowserhelper:2.6.2] AndroidManifest.xml:22:5-30:15
38        <intent>
38-->[com.google.androidbrowserhelper:androidbrowserhelper:2.6.2] AndroidManifest.xml:23:9-29:18
39            <action android:name="android.intent.action.VIEW" />
39-->src\main\AndroidManifest.xml:148:17-68
39-->src\main\AndroidManifest.xml:148:25-66
40
41            <category android:name="android.intent.category.BROWSABLE" />
41-->src\main\AndroidManifest.xml:150:17-77
41-->src\main\AndroidManifest.xml:150:27-75
42
43            <data android:scheme="https" />
43-->src\main\AndroidManifest.xml:151:17-154:19
43-->src\main\AndroidManifest.xml:151:23-45
44        </intent>
45    </queries>
46
47    <permission
47-->[androidx.core:core:1.13.0] AndroidManifest.xml:22:5-24:47
48        android:name="app.streetgo.twa.DYNAMIC_RECEIVER_NOT_EXPORTED_PERMISSION"
48-->[androidx.core:core:1.13.0] AndroidManifest.xml:23:9-81
49        android:protectionLevel="signature" />
49-->[androidx.core:core:1.13.0] AndroidManifest.xml:24:9-44
50
51    <uses-permission android:name="app.streetgo.twa.DYNAMIC_RECEIVER_NOT_EXPORTED_PERMISSION" />
51-->[androidx.core:core:1.13.0] AndroidManifest.xml:26:5-97
51-->[androidx.core:core:1.13.0] AndroidManifest.xml:26:22-94
52
53    <application
53-->src\main\AndroidManifest.xml:35:5-202:19
54        android:name="app.streetgo.twa.Application"
54-->src\main\AndroidManifest.xml:36:9-35
55        android:allowBackup="true"
55-->src\main\AndroidManifest.xml:37:9-35
56        android:appComponentFactory="androidx.core.app.CoreComponentFactory"
56-->[androidx.core:core:1.13.0] AndroidManifest.xml:28:18-86
57        android:debuggable="true"
58        android:extractNativeLibs="true"
59        android:icon="@mipmap/ic_launcher"
59-->src\main\AndroidManifest.xml:38:9-43
60        android:label="@string/appName"
60-->src\main\AndroidManifest.xml:39:9-40
61        android:manageSpaceActivity="com.google.androidbrowserhelper.trusted.ManageDataLauncherActivity"
61-->src\main\AndroidManifest.xml:41:9-105
62        android:supportsRtl="true"
62-->src\main\AndroidManifest.xml:43:9-35
63        android:theme="@android:style/Theme.Translucent.NoTitleBar" >
63-->src\main\AndroidManifest.xml:44:9-68
64        <meta-data
64-->src\main\AndroidManifest.xml:46:9-48:58
65            android:name="asset_statements"
65-->src\main\AndroidManifest.xml:47:13-44
66            android:resource="@string/assetStatements" />
66-->src\main\AndroidManifest.xml:48:13-55
67        <meta-data
67-->src\main\AndroidManifest.xml:51:13-53:58
68            android:name="web_manifest_url"
68-->src\main\AndroidManifest.xml:52:17-48
69            android:value="@string/webManifestUrl" />
69-->src\main\AndroidManifest.xml:53:17-55
70        <meta-data
70-->src\main\AndroidManifest.xml:56:9-58:52
71            android:name="twa_generator"
71-->src\main\AndroidManifest.xml:57:13-41
72            android:value="@string/generatorApp" />
72-->src\main\AndroidManifest.xml:58:13-49
73
74        <activity
74-->src\main\AndroidManifest.xml:65:13-76:24
75            android:name="com.google.androidbrowserhelper.trusted.ManageDataLauncherActivity"
75-->src\main\AndroidManifest.xml:65:23-104
76            android:enabled="true"
76-->src\main\AndroidManifest.xml:67:17-39
77            android:excludeFromRecents="true"
77-->src\main\AndroidManifest.xml:68:17-50
78            android:exported="false" >
78-->src\main\AndroidManifest.xml:66:17-41
79            <meta-data
79-->src\main\AndroidManifest.xml:69:17-71:57
80                android:name="android.support.customtabs.trusted.MANAGE_SPACE_URL"
80-->src\main\AndroidManifest.xml:70:21-87
81                android:value="@string/launchUrl" />
81-->src\main\AndroidManifest.xml:71:21-54
82
83            <intent-filter>
83-->src\main\AndroidManifest.xml:72:17-75:33
84                <action android:name="android.intent.action.APPLICATION_PREFERENCES" />
84-->src\main\AndroidManifest.xml:73:21-92
84-->src\main\AndroidManifest.xml:73:29-89
85
86                <category android:name="android.intent.category.DEFAULT" />
86-->src\main\AndroidManifest.xml:74:21-80
86-->src\main\AndroidManifest.xml:74:31-77
87            </intent-filter>
88        </activity>
89        <activity
89-->src\main\AndroidManifest.xml:79:9-160:20
90            android:name="app.streetgo.twa.LauncherActivity"
90-->src\main\AndroidManifest.xml:79:19-50
91            android:alwaysRetainTaskState="true"
91-->src\main\AndroidManifest.xml:80:13-49
92            android:exported="true"
92-->src\main\AndroidManifest.xml:82:13-36
93            android:label="@string/launcherName" >
93-->src\main\AndroidManifest.xml:81:13-49
94            <meta-data
94-->src\main\AndroidManifest.xml:83:13-84:53
95                android:name="android.support.customtabs.trusted.DEFAULT_URL"
95-->src\main\AndroidManifest.xml:83:24-85
96                android:value="@string/launchUrl" />
96-->src\main\AndroidManifest.xml:84:17-50
97            <meta-data
97-->src\main\AndroidManifest.xml:86:13-88:58
98                android:name="android.support.customtabs.trusted.STATUS_BAR_COLOR"
98-->src\main\AndroidManifest.xml:87:17-83
99                android:resource="@color/colorPrimary" />
99-->src\main\AndroidManifest.xml:88:17-55
100            <meta-data
100-->src\main\AndroidManifest.xml:92:13-94:62
101                android:name="android.support.customtabs.trusted.STATUS_BAR_COLOR_DARK"
101-->src\main\AndroidManifest.xml:93:17-88
102                android:resource="@color/colorPrimaryDark" />
102-->src\main\AndroidManifest.xml:94:17-59
103            <meta-data
103-->src\main\AndroidManifest.xml:96:13-98:61
104                android:name="android.support.customtabs.trusted.NAVIGATION_BAR_COLOR"
104-->src\main\AndroidManifest.xml:97:17-87
105                android:resource="@color/navigationColor" />
105-->src\main\AndroidManifest.xml:98:17-58
106            <meta-data
106-->src\main\AndroidManifest.xml:100:13-102:65
107                android:name="android.support.customtabs.trusted.NAVIGATION_BAR_COLOR_DARK"
107-->src\main\AndroidManifest.xml:101:17-92
108                android:resource="@color/navigationColorDark" />
108-->src\main\AndroidManifest.xml:102:17-62
109            <meta-data
109-->src\main\AndroidManifest.xml:104:13-106:68
110                android:name="androix.browser.trusted.NAVIGATION_BAR_DIVIDER_COLOR"
110-->src\main\AndroidManifest.xml:105:17-84
111                android:resource="@color/navigationDividerColor" />
111-->src\main\AndroidManifest.xml:106:17-65
112            <meta-data
112-->src\main\AndroidManifest.xml:108:13-110:72
113                android:name="androix.browser.trusted.NAVIGATION_BAR_DIVIDER_COLOR_DARK"
113-->src\main\AndroidManifest.xml:109:17-89
114                android:resource="@color/navigationDividerColorDark" />
114-->src\main\AndroidManifest.xml:110:17-69
115            <meta-data
115-->src\main\AndroidManifest.xml:112:13-113:54
116                android:name="android.support.customtabs.trusted.SPLASH_IMAGE_DRAWABLE"
116-->src\main\AndroidManifest.xml:112:24-95
117                android:resource="@drawable/splash" />
117-->src\main\AndroidManifest.xml:113:17-52
118            <meta-data
118-->src\main\AndroidManifest.xml:115:13-116:60
119                android:name="android.support.customtabs.trusted.SPLASH_SCREEN_BACKGROUND_COLOR"
119-->src\main\AndroidManifest.xml:115:24-104
120                android:resource="@color/backgroundColor" />
120-->src\main\AndroidManifest.xml:116:17-58
121            <meta-data
121-->src\main\AndroidManifest.xml:118:13-119:71
122                android:name="android.support.customtabs.trusted.SPLASH_SCREEN_FADE_OUT_DURATION"
122-->src\main\AndroidManifest.xml:118:24-105
123                android:value="@integer/splashScreenFadeOutDuration" />
123-->src\main\AndroidManifest.xml:119:17-69
124            <meta-data
124-->src\main\AndroidManifest.xml:121:13-122:60
125                android:name="android.support.customtabs.trusted.FILE_PROVIDER_AUTHORITY"
125-->src\main\AndroidManifest.xml:121:24-97
126                android:value="@string/providerAuthority" />
126-->src\main\AndroidManifest.xml:122:17-58
127            <meta-data
127-->src\main\AndroidManifest.xml:124:13-97
128                android:name="android.app.shortcuts"
128-->src\main\AndroidManifest.xml:124:24-60
129                android:resource="@xml/shortcuts" />
129-->src\main\AndroidManifest.xml:124:61-94
130            <meta-data
130-->src\main\AndroidManifest.xml:126:13-127:56
131                android:name="android.support.customtabs.trusted.FALLBACK_STRATEGY"
131-->src\main\AndroidManifest.xml:126:24-91
132                android:value="@string/fallbackType" />
132-->src\main\AndroidManifest.xml:127:17-53
133            <meta-data
133-->src\main\AndroidManifest.xml:133:13-134:54
134                android:name="android.support.customtabs.trusted.SCREEN_ORIENTATION"
134-->src\main\AndroidManifest.xml:133:24-92
135                android:value="@string/orientation" />
135-->src\main\AndroidManifest.xml:134:17-52
136
137            <intent-filter>
137-->src\main\AndroidManifest.xml:142:13-145:29
138                <action android:name="android.intent.action.MAIN" />
138-->src\main\AndroidManifest.xml:143:17-69
138-->src\main\AndroidManifest.xml:143:25-66
139
140                <category android:name="android.intent.category.LAUNCHER" />
140-->src\main\AndroidManifest.xml:144:17-77
140-->src\main\AndroidManifest.xml:144:27-74
141            </intent-filter>
142            <intent-filter android:autoVerify="true" >
142-->src\main\AndroidManifest.xml:147:13-155:29
142-->src\main\AndroidManifest.xml:147:28-53
143                <action android:name="android.intent.action.VIEW" />
143-->src\main\AndroidManifest.xml:148:17-68
143-->src\main\AndroidManifest.xml:148:25-66
144
145                <category android:name="android.intent.category.DEFAULT" />
145-->src\main\AndroidManifest.xml:74:21-80
145-->src\main\AndroidManifest.xml:74:31-77
146                <category android:name="android.intent.category.BROWSABLE" />
146-->src\main\AndroidManifest.xml:150:17-77
146-->src\main\AndroidManifest.xml:150:27-75
147
148                <data
148-->src\main\AndroidManifest.xml:151:17-154:19
149                    android:host="@string/hostName"
149-->src\main\AndroidManifest.xml:152:21-52
150                    android:scheme="https" />
150-->src\main\AndroidManifest.xml:151:23-45
151            </intent-filter>
152        </activity>
153        <activity android:name="com.google.androidbrowserhelper.trusted.FocusActivity" />
153-->src\main\AndroidManifest.xml:162:9-90
153-->src\main\AndroidManifest.xml:162:19-87
154        <activity
154-->src\main\AndroidManifest.xml:164:9-165:62
155            android:name="com.google.androidbrowserhelper.trusted.WebViewFallbackActivity"
155-->src\main\AndroidManifest.xml:164:19-97
156            android:configChanges="orientation|screenSize" />
156-->src\main\AndroidManifest.xml:165:13-59
157
158        <provider
158-->src\main\AndroidManifest.xml:167:9-175:20
159            android:name="androidx.core.content.FileProvider"
159-->src\main\AndroidManifest.xml:168:13-62
160            android:authorities="@string/providerAuthority"
160-->src\main\AndroidManifest.xml:169:13-60
161            android:exported="false"
161-->src\main\AndroidManifest.xml:171:13-37
162            android:grantUriPermissions="true" >
162-->src\main\AndroidManifest.xml:170:13-47
163            <meta-data
163-->src\main\AndroidManifest.xml:172:13-174:53
164                android:name="android.support.FILE_PROVIDER_PATHS"
164-->src\main\AndroidManifest.xml:173:17-67
165                android:resource="@xml/filepaths" />
165-->src\main\AndroidManifest.xml:174:17-50
166        </provider>
167
168        <service
168-->src\main\AndroidManifest.xml:177:9-192:19
169            android:name="app.streetgo.twa.DelegationService"
169-->src\main\AndroidManifest.xml:178:13-46
170            android:enabled="@bool/enableNotification"
170-->src\main\AndroidManifest.xml:179:13-55
171            android:exported="@bool/enableNotification" >
171-->src\main\AndroidManifest.xml:180:13-56
172            <meta-data
172-->src\main\AndroidManifest.xml:183:17-185:73
173                android:name="android.support.customtabs.trusted.SMALL_ICON"
173-->src\main\AndroidManifest.xml:184:21-81
174                android:resource="@drawable/ic_notification_icon" />
174-->src\main\AndroidManifest.xml:185:21-70
175
176            <intent-filter>
176-->src\main\AndroidManifest.xml:188:13-191:29
177                <action android:name="android.support.customtabs.trusted.TRUSTED_WEB_ACTIVITY_SERVICE" />
177-->src\main\AndroidManifest.xml:189:17-105
177-->src\main\AndroidManifest.xml:189:25-103
178
179                <category android:name="android.intent.category.DEFAULT" />
179-->src\main\AndroidManifest.xml:74:21-80
179-->src\main\AndroidManifest.xml:74:31-77
180            </intent-filter>
181        </service>
182
183        <activity android:name="com.google.androidbrowserhelper.trusted.NotificationPermissionRequestActivity" />
183-->src\main\AndroidManifest.xml:195:13-118
183-->src\main\AndroidManifest.xml:195:23-115
184        <activity android:name="com.google.androidbrowserhelper.locationdelegation.PermissionRequestActivity" />
184-->src\main\AndroidManifest.xml:199:13-200:89
184-->src\main\AndroidManifest.xml:199:23-123
185        <activity
185-->[com.google.android.gms:play-services-base:18.1.0] AndroidManifest.xml:20:9-22:45
186            android:name="com.google.android.gms.common.api.GoogleApiActivity"
186-->[com.google.android.gms:play-services-base:18.1.0] AndroidManifest.xml:20:19-85
187            android:exported="false"
187-->[com.google.android.gms:play-services-base:18.1.0] AndroidManifest.xml:22:19-43
188            android:theme="@android:style/Theme.Translucent.NoTitleBar" />
188-->[com.google.android.gms:play-services-base:18.1.0] AndroidManifest.xml:21:19-78
189
190        <meta-data
190-->[com.google.android.gms:play-services-basement:18.1.0] AndroidManifest.xml:21:9-23:69
191            android:name="com.google.android.gms.version"
191-->[com.google.android.gms:play-services-basement:18.1.0] AndroidManifest.xml:22:13-58
192            android:value="@integer/google_play_services_version" />
192-->[com.google.android.gms:play-services-basement:18.1.0] AndroidManifest.xml:23:13-66
193
194        <provider
194-->[androidx.emoji2:emoji2:1.3.0] AndroidManifest.xml:24:9-32:20
195            android:name="androidx.startup.InitializationProvider"
195-->[androidx.emoji2:emoji2:1.3.0] AndroidManifest.xml:25:13-67
196            android:authorities="app.streetgo.twa.androidx-startup"
196-->[androidx.emoji2:emoji2:1.3.0] AndroidManifest.xml:26:13-68
197            android:exported="false" >
197-->[androidx.emoji2:emoji2:1.3.0] AndroidManifest.xml:27:13-37
198            <meta-data
198-->[androidx.emoji2:emoji2:1.3.0] AndroidManifest.xml:29:13-31:52
199                android:name="androidx.emoji2.text.EmojiCompatInitializer"
199-->[androidx.emoji2:emoji2:1.3.0] AndroidManifest.xml:30:17-75
200                android:value="androidx.startup" />
200-->[androidx.emoji2:emoji2:1.3.0] AndroidManifest.xml:31:17-49
201            <meta-data
201-->[androidx.lifecycle:lifecycle-process:2.6.2] AndroidManifest.xml:29:13-31:52
202                android:name="androidx.lifecycle.ProcessLifecycleInitializer"
202-->[androidx.lifecycle:lifecycle-process:2.6.2] AndroidManifest.xml:30:17-78
203                android:value="androidx.startup" />
203-->[androidx.lifecycle:lifecycle-process:2.6.2] AndroidManifest.xml:31:17-49
204            <meta-data
204-->[androidx.profileinstaller:profileinstaller:1.3.1] AndroidManifest.xml:29:13-31:52
205                android:name="androidx.profileinstaller.ProfileInstallerInitializer"
205-->[androidx.profileinstaller:profileinstaller:1.3.1] AndroidManifest.xml:30:17-85
206                android:value="androidx.startup" />
206-->[androidx.profileinstaller:profileinstaller:1.3.1] AndroidManifest.xml:31:17-49
207        </provider>
208
209        <receiver
209-->[androidx.profileinstaller:profileinstaller:1.3.1] AndroidManifest.xml:34:9-52:20
210            android:name="androidx.profileinstaller.ProfileInstallReceiver"
210-->[androidx.profileinstaller:profileinstaller:1.3.1] AndroidManifest.xml:35:13-76
211            android:directBootAware="false"
211-->[androidx.profileinstaller:profileinstaller:1.3.1] AndroidManifest.xml:36:13-44
212            android:enabled="true"
212-->[androidx.profileinstaller:profileinstaller:1.3.1] AndroidManifest.xml:37:13-35
213            android:exported="true"
213-->[androidx.profileinstaller:profileinstaller:1.3.1] AndroidManifest.xml:38:13-36
214            android:permission="android.permission.DUMP" >
214-->[androidx.profileinstaller:profileinstaller:1.3.1] AndroidManifest.xml:39:13-57
215            <intent-filter>
215-->[androidx.profileinstaller:profileinstaller:1.3.1] AndroidManifest.xml:40:13-42:29
216                <action android:name="androidx.profileinstaller.action.INSTALL_PROFILE" />
216-->[androidx.profileinstaller:profileinstaller:1.3.1] AndroidManifest.xml:41:17-91
216-->[androidx.profileinstaller:profileinstaller:1.3.1] AndroidManifest.xml:41:25-88
217            </intent-filter>
218            <intent-filter>
218-->[androidx.profileinstaller:profileinstaller:1.3.1] AndroidManifest.xml:43:13-45:29
219                <action android:name="androidx.profileinstaller.action.SKIP_FILE" />
219-->[androidx.profileinstaller:profileinstaller:1.3.1] AndroidManifest.xml:44:17-85
219-->[androidx.profileinstaller:profileinstaller:1.3.1] AndroidManifest.xml:44:25-82
220            </intent-filter>
221            <intent-filter>
221-->[androidx.profileinstaller:profileinstaller:1.3.1] AndroidManifest.xml:46:13-48:29
222                <action android:name="androidx.profileinstaller.action.SAVE_PROFILE" />
222-->[androidx.profileinstaller:profileinstaller:1.3.1] AndroidManifest.xml:47:17-88
222-->[androidx.profileinstaller:profileinstaller:1.3.1] AndroidManifest.xml:47:25-85
223            </intent-filter>
224            <intent-filter>
224-->[androidx.profileinstaller:profileinstaller:1.3.1] AndroidManifest.xml:49:13-51:29
225                <action android:name="androidx.profileinstaller.action.BENCHMARK_OPERATION" />
225-->[androidx.profileinstaller:profileinstaller:1.3.1] AndroidManifest.xml:50:17-95
225-->[androidx.profileinstaller:profileinstaller:1.3.1] AndroidManifest.xml:50:25-92
226            </intent-filter>
227        </receiver>
228    </application>
229
230</manifest>